<?xml version="1.0" encoding="UTF-8"?>
<!-- Generated by org.testng.reporters.JUnitReportReporter -->
<testsuite hostname="ferides-MacBook-Pro.local" failures="0" tests="3" name="com.prestashop.NegativeTest" time="4.707" errors="0" timestamp="09 Dec 2018 04:08:17 GMT" skipped="0">
  <testcase classname="com.prestashop.NegativeTest" name="wrongCredentialsTest" time="1.582"/>
  <testcase classname="com.prestashop.NegativeTest" name="blankEmail" time="1.579"/>
  <testcase classname="com.prestashop.NegativeTest" name="invalidEmailTest" time="1.546"/>
</testsuite> <!-- com.prestashop.NegativeTest -->
