<?xml version="1.0" encoding="UTF-8"?>
<!-- Generated by org.testng.reporters.JUnitReportReporter -->
<testsuite hostname="ferides-MacBook-Pro.local" failures="0" tests="1" name="PomDesign.OrderTest" time="5.115" errors="0" timestamp="14 Dec 2018 03:34:10 GMT" skipped="0">
  <testcase classname="PomDesign.OrderTest" name="order" time="5.115"/>
</testsuite> <!-- PomDesign.OrderTest -->
