<?xml version="1.0" encoding="UTF-8"?>
<!-- Generated by org.testng.reporters.JUnitReportReporter -->
<testsuite hostname="ferides-MacBook-Pro.local" failures="0" tests="1" name="homework.exelTest" time="8.477" errors="0" timestamp="09 Dec 2018 07:26:37 GMT" skipped="0">
  <testcase classname="homework.exelTest" name="sendData" time="8.477"/>
</testsuite> <!-- homework.exelTest -->
