<?xml version="1.0" encoding="UTF-8"?>
<!-- Generated by org.testng.reporters.JUnitReportReporter -->
<testsuite hostname="ferides-MacBook-Pro.local" failures="0" tests="3" name="BeforeAfterSuit" time="0.007" errors="0" timestamp="03 Dec 2018 17:54:10 GMT" skipped="0">
  <testcase classname="BeforeAfterSuit" name="LoginTest" time="0.005"/>
  <testcase classname="BeforeAfterSuit" name="PasswordChange" time="0.001"/>
  <testcase classname="BeforeAfterSuit" name="Logout" time="0.001"/>
</testsuite> <!-- BeforeAfterSuit -->
