<?xml version="1.0" encoding="UTF-8"?>
<!-- Generated by org.testng.reporters.JUnitReportReporter -->
<testsuite hostname="ferides-MacBook-Pro.local" failures="0" tests="1" name="TestCase2.DependsOn" time="0.002" errors="0" timestamp="04 Dec 2018 21:29:32 GMT" skipped="0">
  <testcase classname="TestCase2.DependsOn" name="LoginTest" time="0.002"/>
</testsuite> <!-- TestCase2.DependsOn -->
