<?xml version="1.0" encoding="UTF-8"?>
<!-- Generated by org.testng.reporters.JUnitReportReporter -->
<testsuite hostname="ferides-MacBook-Pro.local" failures="0" tests="4" name="DataPrvider" time="0.009" errors="0" timestamp="04 Dec 2018 16:09:13 GMT" skipped="1">
  <testcase classname="DataPrvider" name="loginTest1" time="0.001"/>
  <testcase classname="DataPrvider" name="loginTest1" time="0.001"/>
  <testcase classname="DataPrvider" name="loginTest1" time="0.007"/>
  <testcase classname="DataPrvider" name="loginTest">
    <skipped/>
  </testcase> <!-- loginTest -->
</testsuite> <!-- DataPrvider -->
