<?xml version="1.0" encoding="UTF-8"?>
<!-- Generated by org.testng.reporters.JUnitReportReporter -->
<testsuite hostname="ferides-MacBook-Pro.local" failures="0" tests="3" name="BeforeAfterMethod" time="0.012" errors="0" timestamp="03 Dec 2018 17:46:33 GMT" skipped="0">
  <testcase classname="BeforeAfterMethod" name="LoginTest" time="0.009"/>
  <testcase classname="BeforeAfterMethod" name="PasswordChange" time="0.002"/>
  <testcase classname="BeforeAfterMethod" name="Logout" time="0.001"/>
</testsuite> <!-- BeforeAfterMethod -->
