<?xml version="1.0" encoding="UTF-8"?>
<!-- Generated by org.testng.reporters.JUnitReportReporter -->
<testsuite hostname="ferides-MacBook-Pro.local" failures="0" tests="4" name="TestCase3.Task" time="0.011" errors="0" timestamp="04 Dec 2018 21:12:57 GMT" skipped="3">
  <testcase classname="TestCase3.Task" name="register" time="0.005"/>
  <testcase classname="TestCase3.Task" name="search" time="0.005">
    <skipped/>
  </testcase> <!-- search -->
  <testcase classname="TestCase3.Task" name="buy" time="0.000">
    <skipped/>
  </testcase> <!-- buy -->
  <testcase classname="TestCase3.Task" name="pay" time="0.001">
    <skipped/>
  </testcase> <!-- pay -->
</testsuite> <!-- TestCase3.Task -->
