<?xml version="1.0" encoding="UTF-8"?>
<!-- Generated by org.testng.reporters.JUnitReportReporter -->
<testsuite hostname="ferides-MacBook-Pro.local" failures="0" tests="3" name="TestCase3.BeforeAfter" time="0.006" errors="0" timestamp="04 Dec 2018 21:16:16 GMT" skipped="0">
  <testcase classname="TestCase3.BeforeAfter" name="LoginTest" time="0.004"/>
  <testcase classname="TestCase3.BeforeAfter" name="PasswordChange" time="0.001"/>
  <testcase classname="TestCase3.BeforeAfter" name="Logout" time="0.001"/>
</testsuite> <!-- TestCase3.BeforeAfter -->
