<?xml version="1.0" encoding="UTF-8"?>
<!-- Generated by org.testng.reporters.JUnitReportReporter -->
<testsuite hostname="ferides-MacBook-Pro.local" failures="0" tests="2" name="TestCase2.Priorty" time="0.010" errors="0" timestamp="04 Dec 2018 21:29:32 GMT" skipped="0">
  <testcase classname="TestCase2.Priorty" name="LoginTest" time="0.009"/>
  <testcase classname="TestCase2.Priorty" name="PasswordChange" time="0.001"/>
</testsuite> <!-- TestCase2.Priorty -->
