<?xml version="1.0" encoding="UTF-8"?>
<!-- Generated by org.testng.reporters.JUnitReportReporter -->
<testsuite hostname="ferides-MacBook-Pro.local" failures="0" tests="4" name="TestCases.DataPrvider" time="0.006" errors="0" timestamp="04 Dec 2018 19:42:53 GMT" skipped="1">
  <testcase classname="TestCases.DataPrvider" name="loginTest1" time="0.004"/>
  <testcase classname="TestCases.DataPrvider" name="loginTest1" time="0.001"/>
  <testcase classname="TestCases.DataPrvider" name="loginTest1" time="0.001"/>
  <testcase classname="TestCases.DataPrvider" name="loginTest">
    <skipped/>
  </testcase> <!-- loginTest -->
</testsuite> <!-- TestCases.DataPrvider -->
