<?xml version="1.0" encoding="UTF-8"?>
<!-- Generated by org.testng.reporters.JUnitReportReporter -->
<testsuite hostname="ferides-MacBook-Pro.local" failures="0" tests="4" name="DependsOn" time="0.010" errors="0" timestamp="03 Dec 2018 19:50:16 GMT" skipped="2">
  <testcase classname="DependsOn" name="LoginTest" time="0.007"/>
  <testcase classname="DependsOn" name="PasswordChange" time="0.002">
    <skipped/>
  </testcase> <!-- PasswordChange -->
  <testcase classname="DependsOn" name="Logout" time="0.000">
    <skipped/>
  </testcase> <!-- Logout -->
  <testcase classname="DependsOn" name="LoginTest2" time="0.001"/>
</testsuite> <!-- DependsOn -->
