<?xml version="1.0" encoding="UTF-8"?>
<!-- Generated by org.testng.reporters.JUnitReportReporter -->
<testsuite hostname="ferides-MacBook-Pro.local" failures="0" tests="3" name="App" time="0.012" errors="0" timestamp="03 Dec 2018 17:31:16 GMT" skipped="0">
  <testcase classname="App" name="LoginTest" time="0.010"/>
  <testcase classname="App" name="PasswordChange" time="0.001"/>
  <testcase classname="App" name="Logout" time="0.001"/>
</testsuite> <!-- App -->
