<?xml version="1.0" encoding="UTF-8"?>
<!-- Generated by org.testng.reporters.JUnitReportReporter -->
<testsuite hostname="ferides-MacBook-Pro.local" failures="0" tests="3" name="TestCase3.App" time="0.007" errors="0" timestamp="04 Dec 2018 21:18:31 GMT" skipped="0">
  <testcase classname="TestCase3.App" name="LoginTest" time="0.005"/>
  <testcase classname="TestCase3.App" name="Logout" time="0.001"/>
  <testcase classname="TestCase3.App" name="PasswordChange" time="0.001"/>
</testsuite> <!-- TestCase3.App -->
