<?xml version="1.0" encoding="UTF-8"?>
<!-- Generated by org.testng.reporters.JUnitReportReporter -->
<testsuite hostname="ferides-MacBook-Pro.local" failures="0" tests="4" name="TestCase3.DataProvide" time="0.003" errors="0" timestamp="04 Dec 2018 21:18:31 GMT" skipped="1">
  <testcase classname="TestCase3.DataProvide" name="loginTest1" time="0.001"/>
  <testcase classname="TestCase3.DataProvide" name="loginTest1" time="0.001"/>
  <testcase classname="TestCase3.DataProvide" name="loginTest1" time="0.001"/>
  <testcase classname="TestCase3.DataProvide" name="loginTest">
    <skipped/>
  </testcase> <!-- loginTest -->
</testsuite> <!-- TestCase3.DataProvide -->
