<?xml version="1.0" encoding="UTF-8"?>
<!-- Generated by org.testng.reporters.JUnitReportReporter -->
<testsuite hostname="ferides-MacBook-Pro.local" failures="0" tests="3" name="AppSkip" time="0.005" errors="0" timestamp="03 Dec 2018 17:59:47 GMT" skipped="2">
  <testcase classname="AppSkip" name="LoginTest" time="0.004"/>
  <testcase classname="AppSkip" name="PasswordChange" time="0.001">
    <skipped/>
  </testcase> <!-- PasswordChange -->
  <testcase classname="AppSkip" name="Logout">
    <skipped/>
  </testcase> <!-- Logout -->
</testsuite> <!-- AppSkip -->
