<?xml version="1.0" encoding="UTF-8"?>
<!-- Generated by org.testng.reporters.JUnitReportReporter -->
<testsuite hostname="ferides-MacBook-Pro.local" failures="0" tests="4" name="Task" time="0.010" errors="0" timestamp="03 Dec 2018 20:05:23 GMT" skipped="3">
  <testcase classname="Task" name="register" time="0.008"/>
  <testcase classname="Task" name="search" time="0.002">
    <skipped/>
  </testcase> <!-- search -->
  <testcase classname="Task" name="buy" time="0.000">
    <skipped/>
  </testcase> <!-- buy -->
  <testcase classname="Task" name="pay" time="0.000">
    <skipped/>
  </testcase> <!-- pay -->
</testsuite> <!-- Task -->
