<?xml version="1.0" encoding="UTF-8"?>
<!-- Generated by org.testng.reporters.JUnitReportReporter -->
<testsuite hostname="ferides-MacBook-Pro.local" failures="0" tests="3" name="BeforeAfter" time="0.006" errors="0" timestamp="03 Dec 2018 17:43:46 GMT" skipped="0">
  <testcase classname="BeforeAfter" name="LoginTest" time="0.004"/>
  <testcase classname="BeforeAfter" name="PasswordChange" time="0.001"/>
  <testcase classname="BeforeAfter" name="Logout" time="0.001"/>
</testsuite> <!-- BeforeAfter -->
