<?xml version="1.0" encoding="UTF-8"?>
<!-- Generated by org.testng.reporters.JUnitReportReporter -->
<testsuite hostname="ferides-MacBook-Pro.local" failures="0" tests="3" name="Priorty" time="0.009" errors="0" timestamp="03 Dec 2018 17:39:04 GMT" skipped="0">
  <testcase classname="Priorty" name="LoginTest" time="0.007"/>
  <testcase classname="Priorty" name="PasswordChange" time="0.001"/>
  <testcase classname="Priorty" name="Logout" time="0.001"/>
</testsuite> <!-- Priorty -->
