<?xml version="1.0" encoding="UTF-8"?>
<!-- Generated by org.testng.reporters.JUnitReportReporter -->
<testsuite hostname="ferides-MacBook-Pro.local" failures="0" tests="3" name="TestCases.App" time="0.003" errors="0" timestamp="04 Dec 2018 19:42:53 GMT" skipped="0">
  <testcase classname="TestCases.App" name="LoginTest" time="0.001"/>
  <testcase classname="TestCases.App" name="Logout" time="0.001"/>
  <testcase classname="TestCases.App" name="PasswordChange" time="0.001"/>
</testsuite> <!-- TestCases.App -->
