<?xml version="1.0" encoding="UTF-8"?>
<!-- Generated by org.testng.reporters.JUnitReportReporter -->
<testsuite hostname="ferides-MacBook-Pro.local" failures="0" tests="1" name="com.cybertek.saurceTest" time="20.017" errors="0" timestamp="11 Dec 2018 20:02:10 GMT" skipped="0">
  <testcase classname="com.cybertek.saurceTest" name="login" time="20.017"/>
</testsuite> <!-- com.cybertek.saurceTest -->
