<?xml version="1.0" encoding="UTF-8"?>
<!-- Generated by org.testng.reporters.JUnitReportReporter -->
<testsuite hostname="ferides-MacBook-Pro.local" failures="0" tests="1" name="com.zoho.zohoTest" time="39.412" errors="0" timestamp="11 Dec 2018 21:58:28 GMT" skipped="0">
  <testcase classname="com.zoho.zohoTest" name="printExel" time="39.412"/>
</testsuite> <!-- com.zoho.zohoTest -->
