<?xml version="1.0" encoding="UTF-8"?>
<!-- Generated by org.testng.reporters.JUnitReportReporter -->
<testsuite hostname="ferides-MacBook-Pro.local" failures="0" tests="1" name="com.grid.gridTest" time="4.615" errors="0" timestamp="11 Dec 2018 17:46:54 GMT" skipped="0">
  <testcase classname="com.grid.gridTest" name="login" time="4.615"/>
</testsuite> <!-- com.grid.gridTest -->
