<?xml version="1.0" encoding="UTF-8"?>
<!-- Generated by org.testng.reporters.JUnitReportReporter -->
<testsuite hostname="ferides-MacBook-Pro.local" failures="0" tests="1" name="cybertek.AmazonTest" time="5.776" errors="0" timestamp="06 Dec 2018 17:31:40 GMT" skipped="0">
  <testcase classname="cybertek.AmazonTest" name="navigationamazon" time="5.776"/>
</testsuite> <!-- cybertek.AmazonTest -->
