<?xml version="1.0" encoding="UTF-8"?>
<!-- Generated by org.testng.reporters.JUnitReportReporter -->
<testsuite hostname="ferides-MacBook-Pro.local" failures="0" tests="1" name="cybertek3.AppTest" time="0.006" errors="0" timestamp="07 Dec 2018 04:15:41 GMT" skipped="0">
  <testcase classname="cybertek3.AppTest" name="testApp" time="0.006"/>
</testsuite> <!-- cybertek3.AppTest -->
