<?xml version="1.0" encoding="UTF-8"?>
<!-- Generated by org.testng.reporters.JUnitReportReporter -->
<testsuite hostname="ferides-MacBook-Pro.local" failures="0" tests="1" name="cybertek.Yahoo" time="16.219" errors="0" timestamp="07 Dec 2018 02:24:28 GMT" skipped="0">
  <testcase classname="cybertek.Yahoo" name="navigationyahoo" time="16.219"/>
</testsuite> <!-- cybertek.Yahoo -->
