<?xml version="1.0" encoding="UTF-8"?>
<!-- Generated by org.testng.reporters.JUnitReportReporter -->
<testsuite hostname="ferides-MacBook-Pro.local" failures="0" tests="2" name="PomDesign.AllOrderTest" time="0.432" errors="0" timestamp="13 Dec 2018 06:21:47 GMT" skipped="0">
  <testcase classname="PomDesign.AllOrderTest" name="verify" time="0.198"/>
  <testcase classname="PomDesign.AllOrderTest" name="productTest" time="0.234"/>
</testsuite> <!-- PomDesign.AllOrderTest -->
