<?xml version="1.0" encoding="UTF-8"?>
<!-- Generated by org.testng.reporters.JUnitReportReporter -->
<testsuite hostname="ferides-MacBook-Pro.local" failures="0" tests="1" name="cybertek.AmazonTest" time="4.667" errors="0" timestamp="07 Dec 2018 02:53:47 GMT" skipped="0">
  <testcase classname="cybertek.AmazonTest" name="navigationamazon" time="4.667"/>
</testsuite> <!-- cybertek.AmazonTest -->
