<?xml version="1.0" encoding="UTF-8"?>
<!-- Generated by org.testng.reporters.JUnitReportReporter -->
<testsuite hostname="ferides-MacBook-Pro.local" failures="0" tests="1" name="cybertek2.ABCTest" time="4.564" errors="0" timestamp="07 Dec 2018 02:55:23 GMT" skipped="0">
  <testcase classname="cybertek2.ABCTest" name="navigationyahoo" time="4.564"/>
</testsuite> <!-- cybertek2.ABCTest -->
