<?xml version="1.0" encoding="UTF-8"?>
<!-- Generated by org.testng.reporters.JUnitReportReporter -->
<testsuite hostname="ferides-MacBook-Pro.local" failures="0" tests="1" name="cybertek.AppTest" time="0.004" errors="0" timestamp="07 Dec 2018 02:49:22 GMT" skipped="0">
  <testcase classname="cybertek.AppTest" name="testApp" time="0.004"/>
</testsuite> <!-- cybertek.AppTest -->
